#
# A fatal error has been detected by the Java Runtime Environment:
#
#  EXCEPTION_ACCESS_VIOLATION (0xc0000005) at pc=0x000000006ffe4439, pid=5076, tid=5920
#
# JRE version: Java(TM) SE Runtime Environment (7.0_80-b15) (build 1.7.0_80-b15)
# Java VM: Java HotSpot(TM) 64-Bit Server VM (24.80-b11 mixed mode windows-amd64 compressed oops)
# Problematic frame:
# V  [jvm.dll+0x54439]
#
# Failed to write core dump. Minidumps are not enabled by default on client versions of Windows
#
# If you would like to submit a bug report, please visit:
#   http://bugreport.java.com/bugreport/crash.jsp
#

---------------  T H R E A D  ---------------

Current thread (0x0000000008f32000):  JavaThread "JDWP Transport Listener: dt_socket" daemon [_thread_in_vm, id=5920, stack(0x000000000a4a0000,0x000000000a5a0000)]

siginfo: ExceptionCode=0xc0000005, reading address 0x000000000000000c

Registers:
RAX=0x000000000000000c, RBX=0x0000000008f32000, RCX=0x0000000000000000, RDX=0x0000000000000000
RSP=0x000000000a59f820, RBP=0x000000000000000c, RSI=0x0000000000000000, RDI=0x0000000000000010
R8 =0x00000000f7036ff0, R9 =0x0000000000000000, R10=0x0000000000000000, R11=0x0000000000000001
R12=0x0000000000000000, R13=0x0000000008f28f78, R14=0x0000000000000000, R15=0x0000000000000000
RIP=0x000000006ffe4439, EFLAGS=0x0000000000010246

Top of Stack: (sp=0x000000000a59f820)
0x000000000a59f820:   0000000008f32000 0000000000000000
0x000000000a59f830:   0000000000000000 0000000008f32000
0x000000000a59f840:   0000000000000000 00000000700adad7
0x000000000a59f850:   00000000f7036ff0 000000000a59f970
0x000000000a59f860:   000000000b00c500 000000000a59f940
0x000000000a59f870:   0000000008f32000 0000000000000000
0x000000000a59f880:   000000000b00c500 000000000a59f970
0x000000000a59f890:   0000000000000000 0000000008f28f78
0x000000000a59f8a0:   0000000000000000 000000006ff17d15
0x000000000a59f8b0:   000000000a59f940 000000000a59f970
0x000000000a59f8c0:   000000000b00c500 0000000008f321e8
0x000000000a59f8d0:   000000000b56380a 000000006ff1f090
0x000000000a59f8e0:   0000000008010a01 000000000a59f9e0
0x000000000a59f8f0:   0000000008f28b01 000000000b00d030
0x000000000a59f900:   00013adb00000013 0000000008010a00
0x000000000a59f910:   000000000b71c150 0000000070161f8d 

Instructions: (pc=0x000000006ffe4439)
0x000000006ffe4419:   d2 48 8b c5 eb 18 48 8b d0 48 8b c5 48 d3 e2 48
0x000000006ffe4429:   03 15 81 64 6a 00 eb 06 48 8b 12 48 8b c7 48 98
0x000000006ffe4439:   8b 14 10 85 d2 74 2a 45 84 db 4c 63 c6 48 0f 45
0x000000006ffe4449:   fd 8d 47 0b 48 63 c8 48 83 e1 f8 48 c1 e9 03 8d 


Register to memory mapping:

RAX=0x000000000000000c is an unknown value
RBX=0x0000000008f32000 is a thread
RCX=0x0000000000000000 is an unknown value
RDX=0x0000000000000000 is an unknown value
RSP=0x000000000a59f820 is pointing into the stack for thread: 0x0000000008f32000
RBP=0x000000000000000c is an unknown value
RSI=0x0000000000000000 is an unknown value
RDI=0x0000000000000010 is an unknown value
R8 =0x00000000f7036ff0 is an oop
java.lang.String 
 - klass: 'java/lang/String'
R9 =0x0000000000000000 is an unknown value
R10=0x0000000000000000 is an unknown value
R11=0x0000000000000001 is an unknown value
R12=0x0000000000000000 is an unknown value
R13=0x0000000008f28f78 is an unknown value
R14=0x0000000000000000 is an unknown value
R15=0x0000000000000000 is an unknown value


Stack: [0x000000000a4a0000,0x000000000a5a0000],  sp=0x000000000a59f820,  free space=1022k
Native frames: (J=compiled Java code, j=interpreted, Vv=VM code, C=native code)
V  [jvm.dll+0x54439]


---------------  P R O C E S S  ---------------

Java Threads: ( => current thread )
  0x000000000b5bd800 JavaThread "http-nio-8080-exec-12" daemon [_thread_blocked, id=6088, stack(0x000000000dc60000,0x000000000dd60000)]
  0x000000000b5bc000 JavaThread "http-nio-8080-exec-10" daemon [_thread_blocked, id=6272, stack(0x000000000ffe0000,0x00000000100e0000)]
  0x000000000b5bb800 JavaThread "http-nio-8080-exec-9" daemon [_thread_blocked, id=3552, stack(0x000000000fee0000,0x000000000ffe0000)]
  0x000000000b5ba800 JavaThread "http-nio-8080-exec-8" daemon [_thread_blocked, id=5564, stack(0x000000000fde0000,0x000000000fee0000)]
  0x000000000b5bf000 JavaThread "http-nio-8080-exec-6" daemon [_thread_blocked, id=1992, stack(0x000000000fae0000,0x000000000fbe0000)]
  0x000000000b5ba000 JavaThread "http-nio-8080-exec-5" daemon [_thread_blocked, id=208, stack(0x000000000f9e0000,0x000000000fae0000)]
  0x000000000b5be800 JavaThread "http-nio-8080-exec-4" daemon [_thread_blocked, id=6568, stack(0x000000000f8e0000,0x000000000f9e0000)]
  0x000000000b5c0000 JavaThread "http-nio-8080-exec-3" daemon [_thread_blocked, id=5292, stack(0x000000000f7e0000,0x000000000f8e0000)]
  0x000000000e6c2800 JavaThread "http-nio-8080-exec-1" daemon [_thread_blocked, id=6700, stack(0x000000000f230000,0x000000000f330000)]
  0x000000000c834800 JavaThread "http-nio-8080-exec-2" daemon [_thread_in_Java, id=6740, stack(0x000000000f130000,0x000000000f230000)]
  0x0000000002fa4000 JavaThread "DestroyJavaVM" [_thread_blocked, id=2788, stack(0x0000000002ea0000,0x0000000002fa0000)]
  0x000000000ad85800 JavaThread "http-nio-8080-Acceptor-0" daemon [_thread_in_native, id=2720, stack(0x000000000f6e0000,0x000000000f7e0000)]
  0x000000000c38c800 JavaThread "http-nio-8080-ClientPoller-1" daemon [_thread_blocked, id=1332, stack(0x000000000f5e0000,0x000000000f6e0000)]
  0x000000000c9da000 JavaThread "http-nio-8080-ClientPoller-0" daemon [_thread_blocked, id=6396, stack(0x000000000f4e0000,0x000000000f5e0000)]
  0x000000000bcb0800 JavaThread "NioBlockingSelector.BlockPoller-1" daemon [_thread_blocked, id=7056, stack(0x000000000f3e0000,0x000000000f4e0000)]
  0x000000000bc69000 JavaThread "MySQL Statement Cancellation Timer" daemon [_thread_blocked, id=6280, stack(0x000000000e060000,0x000000000e160000)]
  0x0000000008f2a800 JavaThread "PoolCleaner[739590180:1460168575178]" daemon [_thread_blocked, id=4244, stack(0x000000000df60000,0x000000000e060000)]
  0x000000000c8c7000 JavaThread "container-0" [_thread_blocked, id=168, stack(0x000000000de60000,0x000000000df60000)]
  0x000000000bda9800 JavaThread "ContainerBackgroundProcessor[StandardEngine[Tomcat].StandardHost[localhost].StandardContext[]]" daemon [_thread_blocked, id=5492, stack(0x000000000dd60000,0x000000000de60000)]
  0x0000000008f54800 JavaThread "Service Thread" daemon [_thread_blocked, id=7112, stack(0x000000000a9a0000,0x000000000aaa0000)]
  0x0000000008f54000 JavaThread "C2 CompilerThread1" daemon [_thread_blocked, id=2944, stack(0x000000000a8a0000,0x000000000a9a0000)]
  0x0000000008f61000 JavaThread "C2 CompilerThread0" daemon [_thread_blocked, id=4340, stack(0x000000000a7a0000,0x000000000a8a0000)]
  0x0000000008f42000 JavaThread "JDWP Command Reader" daemon [_thread_in_native, id=4928, stack(0x000000000a6a0000,0x000000000a7a0000)]
  0x0000000008f3f000 JavaThread "JDWP Event Helper Thread" daemon [_thread_blocked, id=6296, stack(0x000000000a5a0000,0x000000000a6a0000)]
=>0x0000000008f32000 JavaThread "JDWP Transport Listener: dt_socket" daemon [_thread_in_vm, id=5920, stack(0x000000000a4a0000,0x000000000a5a0000)]
  0x0000000008f29800 JavaThread "Attach Listener" daemon [_thread_blocked, id=2816, stack(0x000000000a3a0000,0x000000000a4a0000)]
  0x000000000309e000 JavaThread "Signal Dispatcher" daemon [_thread_blocked, id=2912, stack(0x000000000a2a0000,0x000000000a3a0000)]
  0x0000000003086800 JavaThread "Finalizer" daemon [_thread_blocked, id=844, stack(0x000000000a1a0000,0x000000000a2a0000)]
  0x0000000003083000 JavaThread "Reference Handler" daemon [_thread_blocked, id=4736, stack(0x000000000a0a0000,0x000000000a1a0000)]

Other Threads:
  0x0000000008f02800 VMThread [stack: 0x0000000009fa0000,0x000000000a0a0000] [id=5708]
  0x0000000008f9e000 WatcherThread [stack: 0x000000000aea0000,0x000000000afa0000] [id=6892]

VM state:not at safepoint (normal execution)

VM Mutex/Monitor currently owned by a thread: None

Heap
 PSYoungGen      total 327680K, used 222500K [0x00000000eab00000, 0x0000000100000000, 0x0000000100000000)
  eden space 319488K, 69% used [0x00000000eab00000,0x00000000f84490e8,0x00000000fe300000)
  from space 8192K, 0% used [0x00000000ff800000,0x00000000ff800000,0x0000000100000000)
  to   space 14848K, 0% used [0x00000000fe300000,0x00000000fe300000,0x00000000ff180000)
 ParOldGen       total 76800K, used 40233K [0x00000000c0200000, 0x00000000c4d00000, 0x00000000eab00000)
  object space 76800K, 52% used [0x00000000c0200000,0x00000000c294a590,0x00000000c4d00000)
 PSPermGen       total 66048K, used 42577K [0x00000000bb000000, 0x00000000bf080000, 0x00000000c0200000)
  object space 66048K, 64% used [0x00000000bb000000,0x00000000bd994618,0x00000000bf080000)

Card table byte_map: [0x0000000006160000,0x0000000006390000] byte_map_base: 0x0000000005b88000

Polling page: 0x0000000001410000

Code Cache  [0x00000000030a0000, 0x0000000003400000, 0x00000000060a0000)
 total_blobs=1302 nmethods=876 adapters=385 free_code_cache=45897Kb largest_free_block=46842112

Compilation events (10 events):
Event: 15.476 Thread 0x0000000008f61000  985   !         sun.misc.Resource::getBytes (242 bytes)
Event: 15.505 Thread 0x0000000008f61000 nmethod 985 0x00000000033a9dd0 code [0x00000000033aa080, 0x00000000033abfc8]
Event: 15.577 Thread 0x0000000008f54000  986             java.util.StringTokenizer::skipDelimiters (116 bytes)
Event: 15.583 Thread 0x0000000008f54000 nmethod 986 0x0000000003324350 code [0x00000000033244a0, 0x0000000003324878]
Event: 15.723 Thread 0x0000000008f61000  987             org.springframework.web.util.UriUtils::decode (240 bytes)
Event: 15.728 Thread 0x0000000008f61000 nmethod 987 0x000000000315bad0 code [0x000000000315bc80, 0x000000000315c188]
Event: 29.899 Thread 0x0000000008f54000  988             java.util.concurrent.locks.ReentrantLock$Sync::nonfairTryAcquire (67 bytes)
Event: 29.901 Thread 0x0000000008f54000 nmethod 988 0x000000000315b590 code [0x000000000315b6c0, 0x000000000315b798]
Event: 31.769 Thread 0x0000000008f61000  989             java.util.AbstractCollection::toArray (70 bytes)
Event: 31.775 Thread 0x0000000008f61000 nmethod 989 0x0000000003333590 code [0x0000000003333700, 0x0000000003333a38]

GC Heap History (10 events):
Event: 4.640 GC heap before
{Heap before GC invocations=11 (full 0):
 PSYoungGen      total 218624K, used 213936K [0x00000000eab00000, 0x00000000f8900000, 0x0000000100000000)
  eden space 209920K, 100% used [0x00000000eab00000,0x00000000f7800000,0x00000000f7800000)
  from space 8704K, 46% used [0x00000000f8080000,0x00000000f846c0f8,0x00000000f8900000)
  to   space 8704K, 0% used [0x00000000f7800000,0x00000000f7800000,0x00000000f8080000)
 ParOldGen       total 43520K, used 14616K [0x00000000c0200000, 0x00000000c2c80000, 0x00000000eab00000)
  object space 43520K, 33% used [0x00000000c0200000,0x00000000c1046100,0x00000000c2c80000)
 PSPermGen       total 21504K, used 21442K [0x00000000bb000000, 0x00000000bc500000, 0x00000000c0200000)
  object space 21504K, 99% used [0x00000000bb000000,0x00000000bc4f0858,0x00000000bc500000)
Event: 4.645 GC heap after
Heap after GC invocations=11 (full 0):
 PSYoungGen      total 218624K, used 2400K [0x00000000eab00000, 0x0000000100000000, 0x0000000100000000)
  eden space 209920K, 0% used [0x00000000eab00000,0x00000000eab00000,0x00000000f7800000)
  from space 8704K, 27% used [0x00000000f7800000,0x00000000f7a58000,0x00000000f8080000)
  to   space 8704K, 0% used [0x00000000ff780000,0x00000000ff780000,0x0000000100000000)
 ParOldGen       total 43520K, used 18600K [0x00000000c0200000, 0x00000000c2c80000, 0x00000000eab00000)
  object space 43520K, 42% used [0x00000000c0200000,0x00000000c142a2f0,0x00000000c2c80000)
 PSPermGen       total 21504K, used 21442K [0x00000000bb000000, 0x00000000bc500000, 0x00000000c0200000)
  object space 21504K, 99% used [0x00000000bb000000,0x00000000bc4f0858,0x00000000bc500000)
}
Event: 4.814 GC heap before
{Heap before GC invocations=12 (full 0):
 PSYoungGen      total 218624K, used 212320K [0x00000000eab00000, 0x0000000100000000, 0x0000000100000000)
  eden space 209920K, 100% used [0x00000000eab00000,0x00000000f7800000,0x00000000f7800000)
  from space 8704K, 27% used [0x00000000f7800000,0x00000000f7a58000,0x00000000f8080000)
  to   space 8704K, 0% used [0x00000000ff780000,0x00000000ff780000,0x0000000100000000)
 ParOldGen       total 43520K, used 18600K [0x00000000c0200000, 0x00000000c2c80000, 0x00000000eab00000)
  object space 43520K, 42% used [0x00000000c0200000,0x00000000c142a2f0,0x00000000c2c80000)
 PSPermGen       total 21504K, used 21442K [0x00000000bb000000, 0x00000000bc500000, 0x00000000c0200000)
  object space 21504K, 99% used [0x00000000bb000000,0x00000000bc4f0858,0x00000000bc500000)
Event: 4.819 GC heap after
Heap after GC invocations=12 (full 0):
 PSYoungGen      total 339456K, used 4224K [0x00000000eab00000, 0x00000000fff00000, 0x0000000100000000)
  eden space 331776K, 0% used [0x00000000eab00000,0x00000000eab00000,0x00000000fef00000)
  from space 7680K, 55% used [0x00000000ff780000,0x00000000ffba0000,0x00000000fff00000)
  to   space 8192K, 0% used [0x00000000fef00000,0x00000000fef00000,0x00000000ff700000)
 ParOldGen       total 43520K, used 21016K [0x00000000c0200000, 0x00000000c2c80000, 0x00000000eab00000)
  object space 43520K, 48% used [0x00000000c0200000,0x00000000c16862f0,0x00000000c2c80000)
 PSPermGen       total 21504K, used 21442K [0x00000000bb000000, 0x00000000bc500000, 0x00000000c0200000)
  object space 21504K, 99% used [0x00000000bb000000,0x00000000bc4f0858,0x00000000bc500000)
}
Event: 5.121 GC heap before
{Heap before GC invocations=13 (full 0):
 PSYoungGen      total 339456K, used 336000K [0x00000000eab00000, 0x00000000fff00000, 0x0000000100000000)
  eden space 331776K, 100% used [0x00000000eab00000,0x00000000fef00000,0x00000000fef00000)
  from space 7680K, 55% used [0x00000000ff780000,0x00000000ffba0000,0x00000000fff00000)
  to   space 8192K, 0% used [0x00000000fef00000,0x00000000fef00000,0x00000000ff700000)
 ParOldGen       total 43520K, used 21016K [0x00000000c0200000, 0x00000000c2c80000, 0x00000000eab00000)
  object space 43520K, 48% used [0x00000000c0200000,0x00000000c16862f0,0x00000000c2c80000)
 PSPermGen       total 21504K, used 21442K [0x00000000bb000000, 0x00000000bc500000, 0x00000000c0200000)
  object space 21504K, 99% used [0x00000000bb000000,0x00000000bc4f0858,0x00000000bc500000)
Event: 5.128 GC heap after
Heap after GC invocations=13 (full 0):
 PSYoungGen      total 339968K, used 5504K [0x00000000eab00000, 0x0000000100000000, 0x0000000100000000)
  eden space 331776K, 0% used [0x00000000eab00000,0x00000000eab00000,0x00000000fef00000)
  from space 8192K, 67% used [0x00000000fef00000,0x00000000ff460000,0x00000000ff700000)
  to   space 8192K, 0% used [0x00000000ff800000,0x00000000ff800000,0x0000000100000000)
 ParOldGen       total 43520K, used 25176K [0x00000000c0200000, 0x00000000c2c80000, 0x00000000eab00000)
  object space 43520K, 57% used [0x00000000c0200000,0x00000000c1a962f0,0x00000000c2c80000)
 PSPermGen       total 21504K, used 21442K [0x00000000bb000000, 0x00000000bc500000, 0x00000000c0200000)
  object space 21504K, 99% used [0x00000000bb000000,0x00000000bc4f0858,0x00000000bc500000)
}
Event: 7.175 GC heap before
{Heap before GC invocations=14 (full 0):
 PSYoungGen      total 339968K, used 337280K [0x00000000eab00000, 0x0000000100000000, 0x0000000100000000)
  eden space 331776K, 100% used [0x00000000eab00000,0x00000000fef00000,0x00000000fef00000)
  from space 8192K, 67% used [0x00000000fef00000,0x00000000ff460000,0x00000000ff700000)
  to   space 8192K, 0% used [0x00000000ff800000,0x00000000ff800000,0x0000000100000000)
 ParOldGen       total 43520K, used 25176K [0x00000000c0200000, 0x00000000c2c80000, 0x00000000eab00000)
  object space 43520K, 57% used [0x00000000c0200000,0x00000000c1a962f0,0x00000000c2c80000)
 PSPermGen       total 33280K, used 32857K [0x00000000bb000000, 0x00000000bd080000, 0x00000000c0200000)
  object space 33280K, 98% used [0x00000000bb000000,0x00000000bd016600,0x00000000bd080000)
Event: 7.192 GC heap after
Heap after GC invocations=14 (full 0):
 PSYoungGen      total 327680K, used 8187K [0x00000000eab00000, 0x0000000100000000, 0x0000000100000000)
  eden space 319488K, 0% used [0x00000000eab00000,0x00000000eab00000,0x00000000fe300000)
  from space 8192K, 99% used [0x00000000ff800000,0x00000000ffffed00,0x0000000100000000)
  to   space 14848K, 0% used [0x00000000fe300000,0x00000000fe300000,0x00000000ff180000)
 ParOldGen       total 43520K, used 40371K [0x00000000c0200000, 0x00000000c2c80000, 0x00000000eab00000)
  object space 43520K, 92% used [0x00000000c0200000,0x00000000c296cd28,0x00000000c2c80000)
 PSPermGen       total 33280K, used 32857K [0x00000000bb000000, 0x00000000bd080000, 0x00000000c0200000)
  object space 33280K, 98% used [0x00000000bb000000,0x00000000bd016600,0x00000000bd080000)
}
Event: 7.193 GC heap before
{Heap before GC invocations=15 (full 1):
 PSYoungGen      total 327680K, used 8187K [0x00000000eab00000, 0x0000000100000000, 0x0000000100000000)
  eden space 319488K, 0% used [0x00000000eab00000,0x00000000eab00000,0x00000000fe300000)
  from space 8192K, 99% used [0x00000000ff800000,0x00000000ffffed00,0x0000000100000000)
  to   space 14848K, 0% used [0x00000000fe300000,0x00000000fe300000,0x00000000ff180000)
 ParOldGen       total 43520K, used 40371K [0x00000000c0200000, 0x00000000c2c80000, 0x00000000eab00000)
  object space 43520K, 92% used [0x00000000c0200000,0x00000000c296cd28,0x00000000c2c80000)
 PSPermGen       total 33280K, used 32857K [0x00000000bb000000, 0x00000000bd080000, 0x00000000c0200000)
  object space 33280K, 98% used [0x00000000bb000000,0x00000000bd016600,0x00000000bd080000)
Event: 7.389 GC heap after
Heap after GC invocations=15 (full 1):
 PSYoungGen      total 327680K, used 0K [0x00000000eab00000, 0x0000000100000000, 0x0000000100000000)
  eden space 319488K, 0% used [0x00000000eab00000,0x00000000eab00000,0x00000000fe300000)
  from space 8192K, 0% used [0x00000000ff800000,0x00000000ff800000,0x0000000100000000)
  to   space 14848K, 0% used [0x00000000fe300000,0x00000000fe300000,0x00000000ff180000)
 ParOldGen       total 76800K, used 40233K [0x00000000c0200000, 0x00000000c4d00000, 0x00000000eab00000)
  object space 76800K, 52% used [0x00000000c0200000,0x00000000c294a590,0x00000000c4d00000)
 PSPermGen       total 66048K, used 32843K [0x00000000bb000000, 0x00000000bf080000, 0x00000000c0200000)
  object space 66048K, 49% used [0x00000000bb000000,0x00000000bd012fd8,0x00000000bf080000)
}

Deoptimization events (10 events):
Event: 18.697 Thread 0x000000000c834800 Uncommon trap: reason=class_check action=maybe_recompile pc=0x000000000331a008 method=java.util.regex.Pattern$7.isSatisfiedBy(I)Z @ 16
Event: 18.697 Thread 0x000000000c834800 Uncommon trap: reason=bimorphic action=maybe_recompile pc=0x00000000031b3724 method=java.util.regex.Pattern$CharProperty.match(Ljava/util/regex/Matcher;ILjava/lang/CharSequence;)Z @ 37
Event: 18.697 Thread 0x000000000c834800 Uncommon trap: reason=class_check action=maybe_recompile pc=0x000000000331a008 method=java.util.regex.Pattern$7.isSatisfiedBy(I)Z @ 16
Event: 18.697 Thread 0x000000000c834800 Uncommon trap: reason=bimorphic action=maybe_recompile pc=0x00000000031b3724 method=java.util.regex.Pattern$CharProperty.match(Ljava/util/regex/Matcher;ILjava/lang/CharSequence;)Z @ 37
Event: 18.697 Thread 0x000000000c834800 Uncommon trap: reason=class_check action=maybe_recompile pc=0x000000000331a008 method=java.util.regex.Pattern$7.isSatisfiedBy(I)Z @ 16
Event: 18.697 Thread 0x000000000c834800 Uncommon trap: reason=bimorphic action=maybe_recompile pc=0x00000000031b3724 method=java.util.regex.Pattern$CharProperty.match(Ljava/util/regex/Matcher;ILjava/lang/CharSequence;)Z @ 37
Event: 18.697 Thread 0x000000000c834800 Uncommon trap: reason=unstable_if action=reinterpret pc=0x00000000031c6d90 method=java.util.regex.Pattern$BmpCharProperty.match(Ljava/util/regex/Matcher;ILjava/lang/CharSequence;)Z @ 5
Event: 18.722 Thread 0x000000000c834800 Uncommon trap: reason=unstable_if action=reinterpret pc=0x0000000003328200 method=java.util.regex.Pattern.range(Ljava/util/regex/Pattern$BitClass;)Ljava/util/regex/Pattern$CharProperty; @ 19
Event: 18.725 Thread 0x000000000c834800 Uncommon trap: reason=unstable_if action=reinterpret pc=0x00000000032b0c30 method=java.util.regex.Pattern.newSlice([IIZ)Ljava/util/regex/Pattern$Node; @ 10
Event: 18.735 Thread 0x000000000c834800 Uncommon trap: reason=unstable_if action=reinterpret pc=0x0000000003244e1c method=java.net.URL.set(Ljava/lang/String;Ljava/lang/String;ILjava/lang/String;Ljava/lang/String;Ljava/lang/String;Ljava/lang/String;Ljava/lang/String;)V @ 23

Internal exceptions (10 events):
Event: 152.619 Thread 0x000000000c834800 Threw 0x00000000f6ca19f8 at C:\re\jdk7u80\2329\hotspot\src\share\vm\prims\jvm.cpp:1319
Event: 153.653 Thread 0x000000000c834800 Threw 0x00000000f6cab750 at C:\re\jdk7u80\2329\hotspot\src\share\vm\runtime\reflection.cpp:1030
Event: 153.654 Thread 0x000000000c834800 Threw 0x00000000f6cac010 at C:\re\jdk7u80\2329\hotspot\src\share\vm\prims\jvm.cpp:1319
Event: 154.209 Thread 0x000000000c834800 Threw 0x00000000f6cb3b88 at C:\re\jdk7u80\2329\hotspot\src\share\vm\prims\jvm.cpp:1319
Event: 154.627 Thread 0x000000000c834800 Threw 0x00000000f6cbf360 at C:\re\jdk7u80\2329\hotspot\src\share\vm\prims\jvm.cpp:1319
Event: 155.116 Thread 0x000000000c834800 Threw 0x00000000f6cc7a78 at C:\re\jdk7u80\2329\hotspot\src\share\vm\prims\jvm.cpp:1319
Event: 155.883 Thread 0x000000000c834800 Threw 0x00000000f6ccedd8 at C:\re\jdk7u80\2329\hotspot\src\share\vm\prims\jvm.cpp:1319
Event: 156.789 Thread 0x000000000c834800 Threw 0x00000000f6cdc288 at C:\re\jdk7u80\2329\hotspot\src\share\vm\prims\jvm.cpp:1319
Event: 158.296 Thread 0x000000000c834800 Threw 0x00000000f6ce58d0 at C:\re\jdk7u80\2329\hotspot\src\share\vm\prims\jvm.cpp:1319
Event: 162.616 Thread 0x000000000c834800 Threw 0x00000000f6cee198 at C:\re\jdk7u80\2329\hotspot\src\share\vm\prims\jvm.cpp:1319

Events (10 events):
Event: 163.368 Executing VM operation: GetOrSetLocal
Event: 163.368 Executing VM operation: GetOrSetLocal done
Event: 163.369 Executing VM operation: GetOrSetLocal
Event: 163.369 Executing VM operation: GetOrSetLocal done
Event: 163.369 Executing VM operation: GetOrSetLocal
Event: 163.370 Executing VM operation: GetOrSetLocal done
Event: 163.370 Executing VM operation: GetOrSetLocal
Event: 163.370 Executing VM operation: GetOrSetLocal done
Event: 163.370 Executing VM operation: GetOrSetLocal
Event: 163.370 Executing VM operation: GetOrSetLocal done


Dynamic libraries:
0x00007ff786c60000 - 0x00007ff786c93000 	E:\Java\jdk1.7.0_80\bin\java.exe
0x00007ffc1d560000 - 0x00007ffc1d722000 	C:\Windows\SYSTEM32\ntdll.dll
0x00007ffc1afe0000 - 0x00007ffc1b08d000 	C:\Windows\system32\KERNEL32.DLL
0x00007ffc1a030000 - 0x00007ffc1a20d000 	C:\Windows\system32\KERNELBASE.dll
0x00007ffc1cd80000 - 0x00007ffc1ce26000 	C:\Windows\system32\ADVAPI32.dll
0x00007ffc1cb30000 - 0x00007ffc1cbcd000 	C:\Windows\system32\msvcrt.dll
0x00007ffc1c6f0000 - 0x00007ffc1c74b000 	C:\Windows\system32\sechost.dll
0x00007ffc1ac30000 - 0x00007ffc1ad56000 	C:\Windows\system32\RPCRT4.dll
0x00007ffc1d360000 - 0x00007ffc1d4ae000 	C:\Windows\system32\USER32.dll
0x00007ffc1c750000 - 0x00007ffc1c8d6000 	C:\Windows\system32\GDI32.dll
0x00007ffc0dc10000 - 0x00007ffc0de84000 	C:\Windows\WinSxS\amd64_microsoft.windows.common-controls_6595b64144ccf1df_6.0.10240.16384_none_f41f7b285750ef43\COMCTL32.dll
0x00007ffc1b090000 - 0x00007ffc1b0c6000 	C:\Windows\system32\IMM32.DLL
0x00007ffc1d190000 - 0x00007ffc1d2ec000 	C:\Windows\system32\MSCTF.dll
0x0000000070770000 - 0x0000000070842000 	E:\Java\jdk1.7.0_80\jre\bin\msvcr100.dll
0x000000006ff90000 - 0x0000000070769000 	E:\Java\jdk1.7.0_80\jre\bin\server\jvm.dll
0x00007ffc1cfe0000 - 0x00007ffc1cfe8000 	C:\Windows\system32\PSAPI.DLL
0x00007ffc176a0000 - 0x00007ffc176a9000 	C:\Windows\SYSTEM32\WSOCK32.dll
0x00007ffc18600000 - 0x00007ffc18623000 	C:\Windows\SYSTEM32\WINMM.dll
0x00007ffc1d2f0000 - 0x00007ffc1d359000 	C:\Windows\system32\WS2_32.dll
0x00007ffc1b1b0000 - 0x00007ffc1b1b8000 	C:\Windows\system32\NSI.dll
0x00007ffc185a0000 - 0x00007ffc185cc000 	C:\Windows\SYSTEM32\WINMMBASE.dll
0x00007ffc1a4a0000 - 0x00007ffc1a4e4000 	C:\Windows\system32\cfgmgr32.dll
0x00007ffc18900000 - 0x00007ffc18927000 	C:\Windows\SYSTEM32\DEVOBJ.dll
0x000000006ff80000 - 0x000000006ff8f000 	E:\Java\jdk1.7.0_80\jre\bin\verify.dll
0x000000006ff50000 - 0x000000006ff78000 	E:\Java\jdk1.7.0_80\jre\bin\java.dll
0x000000006ff10000 - 0x000000006ff45000 	E:\Java\jdk1.7.0_80\jre\bin\jdwp.dll
0x000000006ff00000 - 0x000000006ff08000 	E:\Java\jdk1.7.0_80\jre\bin\npt.dll
0x000000006fee0000 - 0x000000006fef6000 	E:\Java\jdk1.7.0_80\jre\bin\zip.dll
0x000000006fed0000 - 0x000000006fed9000 	E:\Java\jdk1.7.0_80\jre\bin\dt_socket.dll
0x00007ffc19800000 - 0x00007ffc1985d000 	C:\Windows\system32\mswsock.dll
0x000000006feb0000 - 0x000000006feca000 	E:\Java\jdk1.7.0_80\jre\bin\net.dll
0x000000006fe90000 - 0x000000006fea1000 	E:\Java\jdk1.7.0_80\jre\bin\nio.dll
0x000000006fe80000 - 0x000000006fe8b000 	E:\Java\jdk1.7.0_80\jre\bin\management.dll
0x00007ffc0df40000 - 0x00007ffc0df55000 	C:\Windows\system32\napinsp.dll
0x00007ffc0df20000 - 0x00007ffc0df3a000 	C:\Windows\system32\pnrpnsp.dll
0x00007ffc17870000 - 0x00007ffc17888000 	C:\Windows\system32\NLAapi.dll
0x00007ffc195c0000 - 0x00007ffc19668000 	C:\Windows\SYSTEM32\DNSAPI.dll
0x00007ffc0df10000 - 0x00007ffc0df1d000 	C:\Windows\System32\winrnr.dll
0x00007ffc12530000 - 0x00007ffc1253a000 	C:\Windows\System32\rasadhlp.dll
0x00007ffc18320000 - 0x00007ffc18358000 	C:\Windows\SYSTEM32\IPHLPAPI.DLL
0x00007ffc18310000 - 0x00007ffc1831b000 	C:\Windows\SYSTEM32\WINNSI.DLL
0x00007ffc15580000 - 0x00007ffc155e8000 	C:\Windows\System32\fwpuclnt.dll
0x00007ffc19ad0000 - 0x00007ffc19af8000 	C:\Windows\SYSTEM32\bcrypt.dll
0x00007ffc19860000 - 0x00007ffc19877000 	C:\Windows\SYSTEM32\CRYPTSP.dll
0x00007ffc194b0000 - 0x00007ffc194e3000 	C:\Windows\system32\rsaenh.dll
0x00007ffc195a0000 - 0x00007ffc195bf000 	C:\Windows\SYSTEM32\USERENV.dll
0x00007ffc19f90000 - 0x00007ffc19fa3000 	C:\Windows\system32\profapi.dll
0x00007ffc19de0000 - 0x00007ffc19e4b000 	C:\Windows\system32\bcryptprimitives.dll
0x00007ffc199d0000 - 0x00007ffc199db000 	C:\Windows\SYSTEM32\CRYPTBASE.dll
0x00007ffc157c0000 - 0x00007ffc157d6000 	C:\Windows\SYSTEM32\dhcpcsvc6.DLL
0x00007ffc15790000 - 0x00007ffc157aa000 	C:\Windows\SYSTEM32\dhcpcsvc.DLL
0x00007ffc132a0000 - 0x00007ffc1342a000 	C:\Windows\SYSTEM32\dbghelp.dll

VM Arguments:
jvm_args: -agentlib:jdwp=transport=dt_socket,address=127.0.0.1:64960,suspend=y,server=n -Dfile.encoding=UTF-8 
java_command: project.football.WebFootballAplication --spring.output.ansi.enabled=always
Launcher Type: SUN_STANDARD

Environment Variables:
PATH=C:\Program Files (x86)\NVIDIA Corporation\PhysX\Common;C:\ProgramData\Oracle\Java\javapath;C:\Windows\system32;C:\Windows;C:\Windows\System32\Wbem;C:\Windows\System32\WindowsPowerShell\v1.0\;C:\Program Files (x86)\ATI Technologies\ATI.ACE\Core-Static;C:\Program Files (x86)\AMD\ATI.ACE\Core-Static ;JAVA_HOME\bin ;C:\Program Files (x86)\MySQL\MySQL Fabric 1.5.4 & MySQL Utilities 1.5.4 1.5\;C:\Program Files (x86)\MySQL\MySQL Fabric 1.5.4 & MySQL Utilities 1.5.4 1.5\Doctrine extensions for PHP\;E:\Programi\Brackets\command;C:\Program Files (x86)\Skype\Phone\
USERNAME=Прокић
OS=Windows_NT
PROCESSOR_IDENTIFIER=Intel64 Family 6 Model 30 Stepping 5, GenuineIntel



---------------  S Y S T E M  ---------------

OS: Windows 8.1 , 64 bit Build 9600 

CPU:total 4 (4 cores per cpu, 1 threads per core) family 6 model 30 stepping 5, cmov, cx8, fxsr, mmx, sse, sse2, sse3, ssse3, sse4.1, sse4.2, popcnt, tsc, tscinvbit

Memory: 4k page, physical 4185204k(1271644k free), swap 6198200k(1880060k free)

vm_info: Java HotSpot(TM) 64-Bit Server VM (24.80-b11) for windows-amd64 JRE (1.7.0_80-b15), built on Apr 10 2015 11:26:34 by "java_re" with unknown MS VC++:1600

time: Sat Apr 09 04:25:31 2016
elapsed time: 163 seconds

